============================================================
Fecha: 2026-05-15 15:28:30 -04:00
Estudio.Setup 2.0
Modo: Verify
Alias: axel
Ultimo paso exitoso: verify-final
OK user-path.detect: PATH: entradas requeridas listas.
OK user-path.verify: PATH: entradas requeridas listas.
Resultado: OK

============================================================
Fecha: 2026-05-15 15:32:45 -04:00
Estudio.Setup 2.0
Modo: Repair
Alias: axel
Ultimo paso exitoso: verify-final
OK user-path.detect: PATH: entradas requeridas listas.
OK user-path.verify: PATH: entradas requeridas listas.
Resultado: OK

============================================================
Fecha: 2026-05-15 15:33:00 -04:00
Estudio.Setup 2.0
Modo: Update
Alias: axel
Ultimo paso exitoso: verify-final
OK user-path.detect: PATH: entradas requeridas listas.
OK user-path.update: PATH: entradas requeridas agregadas al PATH de usuario.
OK user-path.verify: PATH: entradas requeridas listas.
Resultado: OK

