=== Instalando GCC 2026-05-01 01:18:31 ===
:: Synchronizing package databases...
 clangarm64 downloading...
 mingw32 downloading...
 mingw64 downloading...
 ucrt64 downloading...
 clang64 downloading...
 msys downloading...
warning: msys2-keyring-1~20260214-1 is up to date -- reinstalling
resolving dependencies...
looking for conflicting packages...

Packages (1) msys2-keyring-1~20260214-1

Total Installed Size:  0.05 MiB
Net Upgrade Size:      0.00 MiB

:: Proceed with installation? [Y/n] 
checking keyring...
checking package integrity...
loading package files...
checking for file conflicts...
checking available disk space...
:: Processing package changes...
reinstalling msys2-keyring...
==> Appending keys from msys2.gpg...
==> Updating trust database...
gpg: next trustdb check due at 2026-08-13
:: Synchronizing package databases...
 clangarm64 downloading...
 mingw32 downloading...
 mingw64 downloading...
 ucrt64 downloading...
 clang64 downloading...
 msys downloading...
:: Starting core system upgrade...
 there is nothing to do
:: Starting full system upgrade...
resolving dependencies...
looking for conflicting packages...

Packages (16) bsdtar-3.8.7-1  dash-0.5.13.2-1  info-7.2-3  libexpat-2.8.0-1  libgcrypt-1.12.2-1  liblzma-5.8.3-1  libnghttp2-1.69.0-1  libngtcp2-1.22.1-1  libopenssl-3.6.2-1  libsqlite-3.53.0-1  libunistring-1.4.2-1  nano-9.0-1  openssl-3.6.2-1  perl-5.42.2-1  time-1.10-1  xz-5.8.3-1

Total Download Size:   14.19 MiB
Total Installed Size:  66.57 MiB
Net Upgrade Size:      -1.80 MiB

:: Proceed with installation? [Y/n] 
:: Retrieving packages...
 perl-5.42.2-1-x86_64 downloading...
 libopenssl-3.6.2-1-x86_64 downloading...
 xz-5.8.3-1-x86_64 downloading...
 libunistring-1.4.2-1-x86_64 downloading...
 libsqlite-3.53.0-1-x86_64 downloading...
 openssl-3.6.2-1-x86_64 downloading...
 nano-9.0-1-x86_64 downloading...
 libgcrypt-1.12.2-1-x86_64 downloading...
 bsdtar-3.8.7-1-x86_64 downloading...
 info-7.2-3-x86_64 downloading...
 libngtcp2-1.22.1-1-x86_64 downloading...
 liblzma-5.8.3-1-x86_64 downloading...
 dash-0.5.13.2-1-x86_64 downloading...
 libnghttp2-1.69.0-1-x86_64 downloading...
 libexpat-2.8.0-1-x86_64 downloading...
 time-1.10-1-x86_64 downloading...
checking keyring...
checking package integrity...
loading package files...
checking for file conflicts...
checking available disk space...
:: Processing package changes...
upgrading libexpat...
upgrading liblzma...
upgrading libopenssl...
upgrading bsdtar...
upgrading dash...
upgrading info...
upgrading libgcrypt...
upgrading libnghttp2...
upgrading libngtcp2...
upgrading libsqlite...
upgrading libunistring...
upgrading nano...
upgrading openssl...
upgrading perl...
upgrading time...
upgrading xz...
:: Running post-transaction hooks...
(1/1) Updating the info directory file...
:: Synchronizing package databases...
 clangarm64 downloading...
 mingw32 downloading...
 mingw64 downloading...
 ucrt64 downloading...
 clang64 downloading...
 msys downloading...
:: Starting core system upgrade...
 there is nothing to do
:: Starting full system upgrade...
 there is nothing to do
resolving dependencies...
looking for conflicting packages...

Packages (17) mingw-w64-x86_64-gcc-libs-15.2.0-14  mingw-w64-x86_64-gettext-runtime-1.0-1  mingw-w64-x86_64-gmp-6.3.0-2  mingw-w64-x86_64-headers-14.0.0.r14.g4761eabdd-1  mingw-w64-x86_64-isl-0.27-1  mingw-w64-x86_64-libiconv-1.19-1  mingw-w64-x86_64-libwinpthread-14.0.0.r14.g4761eabdd-1  mingw-w64-x86_64-mpc-1.4.1-1  mingw-w64-x86_64-mpfr-4.2.2-1  mingw-w64-x86_64-tzdata-2026a-1  mingw-w64-x86_64-windows-default-manifest-6.4-4  mingw-w64-x86_64-winpthreads-14.0.0.r14.g4761eabdd-1  mingw-w64-x86_64-zlib-1.3.2-2  mingw-w64-x86_64-zstd-1.5.7-1  mingw-w64-x86_64-binutils-2.46-2  mingw-w64-x86_64-crt-14.0.0.r14.g4761eabdd-1  mingw-w64-x86_64-gcc-15.2.0-14

Total Download Size:    69.88 MiB
Total Installed Size:  550.99 MiB

:: Proceed with installation? [Y/n] 
:: Retrieving packages...
 mingw-w64-x86_64-gcc-15.2.0-14-any downloading...
 mingw-w64-x86_64-headers-14.0.0.r14.g4761eabdd-1-any downloading...
 mingw-w64-x86_64-binutils-2.46-2-any downloading...
 mingw-w64-x86_64-crt-14.0.0.r14.g4761eabdd-1-any downloading...
 mingw-w64-x86_64-isl-0.27-1-any downloading...
 mingw-w64-x86_64-gcc-libs-15.2.0-14-any downloading...
 mingw-w64-x86_64-libiconv-1.19-1-any downloading...
 mingw-w64-x86_64-zstd-1.5.7-1-any downloading...
 mingw-w64-x86_64-gmp-6.3.0-2-any downloading...
 mingw-w64-x86_64-mpfr-4.2.2-1-any downloading...
 mingw-w64-x86_64-gettext-runtime-1.0-1-any downloading...
 mingw-w64-x86_64-tzdata-2026a-1-any downloading...
 mingw-w64-x86_64-mpc-1.4.1-1-any downloading...
 mingw-w64-x86_64-zlib-1.3.2-2-any downloading...
 mingw-w64-x86_64-winpthreads-14.0.0.r14.g4761eabdd-1-any downloading...
 mingw-w64-x86_64-libwinpthread-14.0.0.r14.g4761eabdd-1-any downloading...
 mingw-w64-x86_64-windows-default-manifest-6.4-4-any downloading...
checking keyring...
checking package integrity...
loading package files...
checking for file conflicts...
checking available disk space...
:: Processing package changes...
installing mingw-w64-x86_64-libwinpthread...
installing mingw-w64-x86_64-tzdata...
installing mingw-w64-x86_64-gcc-libs...
installing mingw-w64-x86_64-libiconv...
installing mingw-w64-x86_64-gettext-runtime...
installing mingw-w64-x86_64-zlib...
installing mingw-w64-x86_64-zstd...
installing mingw-w64-x86_64-binutils...
installing mingw-w64-x86_64-headers...
installing mingw-w64-x86_64-crt...
installing mingw-w64-x86_64-gmp...
installing mingw-w64-x86_64-isl...
installing mingw-w64-x86_64-mpfr...
installing mingw-w64-x86_64-mpc...
installing mingw-w64-x86_64-windows-default-manifest...
installing mingw-w64-x86_64-winpthreads...
installing mingw-w64-x86_64-gcc...
gcc.exe (Rev14, Built by MSYS2 project) 15.2.0
Copyright (C) 2025 Free Software Foundation, Inc.
This is free software; see the source for copying conditions.  There is NO
warranty; not even for MERCHANTABILITY or FITNESS FOR A PARTICULAR PURPOSE.

=== GCC listo 2026-05-01 01:19:49 ===
