=== Instalando GCC 2026-05-01 01:17:39 ===
:: Synchronizing package databases...
 clangarm64 downloading...
 mingw32 downloading...
 mingw64 downloading...
 ucrt64 downloading...
 clang64 downloading...
 msys downloading...
warning: msys2-keyring-1~20260214-1 is up to date -- reinstalling
resolving dependencies...
looking for conflicting packages...

Packages (1) msys2-keyring-1~20260214-1

Total Download Size:   0.04 MiB
Total Installed Size:  0.05 MiB
Net Upgrade Size:      0.00 MiB

:: Proceed with installation? [Y/n] 
:: Retrieving packages...
 msys2-keyring-1~20260214-1-any downloading...
checking keyring...
checking package integrity...
loading package files...
checking for file conflicts...
checking available disk space...
:: Processing package changes...
reinstalling msys2-keyring...
==> Appending keys from msys2.gpg...
==> Updating trust database...
gpg: next trustdb check due at 2026-08-13
:: Synchronizing package databases...
 clangarm64 downloading...
 mingw32 downloading...
 mingw64 downloading...
 ucrt64 downloading...
 clang64 downloading...
 msys downloading...
:: Starting core system upgrade...
warning: terminate other MSYS2 programs before proceeding
resolving dependencies...
looking for conflicting packages...

Packages (2) msys2-runtime-3.6.9-1  pacman-6.1.0-23

Total Download Size:    7.37 MiB
Total Installed Size:  41.82 MiB
Net Upgrade Size:       0.05 MiB

:: Proceed with installation? [Y/n] 
:: Retrieving packages...
 pacman-6.1.0-23-x86_64 downloading...
 msys2-runtime-3.6.9-1-x86_64 downloading...
checking keyring...
checking package integrity...
loading package files...
checking for file conflicts...
checking available disk space...
:: Processing package changes...
upgrading msys2-runtime...
upgrading pacman...
:: To complete this update all MSYS2 processes including this terminal will be closed. Confirm to proceed [Y/n] 