=== Inicio setup 2026-05-01 01:16:56 ===

==============================================
  Estudio Socratico - Setup Windows
==============================================
[OK] Raiz del proyecto verificada.

==> Preparando carpetas del proyecto

==> Verificando herramientas base
[OK] Git disponible: C:\Program Files\Git\cmd\git.exe
[OK] PowerShell disponible: C:\Program Files\WindowsApps\Microsoft.PowerShell_7.6.1.0_x64__8wekyb3d8bbwe\pwsh.exe
[OK] Node.js disponible: C:\Program Files\nodejs\node.exe
[OK] Bun disponible: C:\Users\axelb\AppData\Local\Microsoft\WinGet\Links\bun.exe
[OK] Python disponible: C:\Users\axelb\AppData\Local\Programs\Python\Python311\python.exe
[OK] GitHub CLI disponible: C:\Program Files\GitHub CLI\gh.exe
[OK] MSYS2 disponible: C:\msys64\usr\bin\bash.exe
[OK] VS Code disponible: C:\Users\axelb\AppData\Local\Programs\Microsoft VS Code\bin\code.cmd

==> Configurando Git local
[OK] Repositorio Git ya existe.
[INFO] Configurando user.name local...
[INFO] Configurando user.email local...

==> Instalando y validando GCC
[INFO] Instalando GCC con pacman. Log: C:\Users\axelb\estudio-socratico\logs\setup\gcc_20260501_011656.log
[ERROR] No se encontro gcc.exe despues de instalar GCC.
[INFO] Log: C:\Users\axelb\estudio-socratico\logs\setup\instalacion_20260501_011656.log
=== Fin setup 2026-05-01 01:16:56 ===
