=== Inicio setup 2026-05-05 14:53:17 ===

==============================================
  Estudio Socratico - Setup Windows
==============================================
[AVISO] Modo SoloVerificar activo: no se instalaran paquetes ni se modificara el sistema.
[OK] Raiz del proyecto verificada.

==> Preparando carpetas del proyecto

==> Verificando herramientas base
[OK] Git disponible: C:\Program Files\Git\cmd\git.exe
[OK] PowerShell disponible: C:\Program Files\WindowsApps\Microsoft.PowerShell_7.6.1.0_x64__8wekyb3d8bbwe\pwsh.exe
[OK] Node.js disponible: C:\Program Files\nodejs\node.exe
[OK] Bun disponible: C:\Users\axelb\AppData\Local\Microsoft\WinGet\Links\bun.exe
[OK] Python disponible: C:\Users\axelb\AppData\Local\Programs\Python\Python311\python.exe
[OK] GitHub CLI disponible: C:\Program Files\GitHub CLI\gh.exe
[OK] MSYS2 disponible: C:\msys64\usr\bin\bash.exe
[OK] VS Code disponible: C:\Users\axelb\AppData\Local\Programs\Microsoft VS Code\bin\code.cmd

==> Configurando Git local
[OK] Repositorio Git ya existe.
[INFO] [SoloVerificar] Configurando github.user local...
[INFO]   C:\Program Files\Git\cmd\git.exe config github.user AxelBladelove
[INFO] [SoloVerificar] Configurando user.name local...
[INFO]   C:\Program Files\Git\cmd\git.exe config user.name AxelBladelove
[INFO] [SoloVerificar] Configurando user.email local...
[INFO]   C:\Program Files\Git\cmd\git.exe config user.email axelbladelove@users.noreply.github.com

==> Instalando y validando GCC
[INFO] Validando gcc...
gcc.exe (Rev14, Built by MSYS2 project) 15.2.0
Copyright (C) 2025 Free Software Foundation, Inc.
This is free software; see the source for copying conditions.  There is NO
warranty; not even for MERCHANTABILITY or FITNESS FOR A PARTICULAR PURPOSE.

[OK] PATH de usuario ya contiene C:\msys64\mingw64\bin
[OK] GCC disponible: C:\msys64\mingw64\bin\gcc.exe

==> Compilando herramientas locales del proyecto
[INFO] [SoloVerificar] Compilaria soporte\runtime\sys_dump_console.exe con GCC.

==> Configurando VS Code
[INFO] [SoloVerificar] Configuraria PowerShell 7 como perfil predeterminado en Windows Terminal.
[INFO] [SoloVerificar] Configuraria F9 para ejecutar la tarea Compilar y Grabar en VS Code.
[AVISO] SinExtensiones activo; no se instalaran extensiones.

==> Validando archivos del workspace
[OK] .vscode\tasks.json es JSON valido.
[OK] .vscode\settings.json es JSON valido.
[OK] .vscode\extensions.json es JSON valido.

==> Resumen final
  Git: OK
  PowerShell: OK
  Node.js: OK
  Bun: OK
  Python: OK
  GitHub CLI: OK
  MSYS2: OK
  VS Code: OK
[OK] Setup completado. Abre un .c en Ejercicios y presiona Ctrl+Shift+B.
=== Fin setup 2026-05-05 14:53:18 ===
