 
============================================================ 
INTENTO: 2026-05-12T12-35-28 
ARCHIVO: C:\Users\axelb\estudio-socratico\Ejercicios\Bingo.c 
============================================================ 
[CODIGO FUENTE] 
------------------------------------------------------------ 
/* Realizar un programa interactivo en C que simule un juego de BINGO con un cartón. Este debe presentarse
gráficamente, identificando con un color diferente los recuadros de las bolas que han salido. El juego
generará el cartón de forma aleatoria. Asegúrese que una combinación no se repita para cada columna
del cartón. Tome en cuenta que cada una de las letras de Bingo corresponde a un cierto rango de
números, como se indica a continuación.
B: 1-15
I: 16-30
N: 31-45
G: 46-60
O: 61-75
El cartón tendrá cinco columnas, rotuladas B-I-N-G-O. Cada columna contendrá cinco números, dentro
de los rangos indicados arriba. La posición central de cada cartón se cubre antes de comenzar el juego
(jugada gratis). Se gana cuando se tenga una línea de números sacados (en vertical, horizontal o en
diagonal). Luego de esto se preguntará si se desea jugar a cartón lleno y en caso de ser afirmativo se debe
continuar sacando bolos. Cada vez que termine una mano se debe preguntar si se desea continuar
jugando. Se debe presentar las estadísticas de ganados vs perdidos en el momento que el usuario desee.
Una vez iniciado el juego se presenta una bola que se genera de manera aleatoria, sin repetición. El
usuario presionará [ENTER] sobre la bola en su cartón y en caso de que no esté presionará [ESC]. Si el
usuario presiona [ESC] y la bola está en el cartón se le descuenta el 10% de lo apostado. Se debe presentar
la bola generada, en un área de la pantalla conjuntamente con la información del cartón. El usuario puede
cambiar de cartón cuantas veces lo desee antes de comenzar el juego. */



#include <stdio.h>
#include <stdlib.h>
#include <conio.h>
#include <time.h>

#define dim 		5
#define ENTER     13
#define ESC       27
#define ARRIBA    72
#define ABAJO     80
#define DERECHA   77
#define IZQUIERDA 75
#define ESP       32
#define BOLASTOTAL 75
#define B 1
#define I 2
#define N 3
#define G 4
#define O 5



void showcarton (int carton[dim][dim], int bolillero[BOLASTOTAL], int posx, int posy);
int bolas (int bolillero[BOLASTOTAL]);
int sacarbolas🥚🥚(int Grupo, int bolillero[BOLASTOTAL]);
int randrange (int limif, int limsp);
int numerar_carton (int Grupo, int num_carton[BOLASTOTAL]);


int main(){

	int jugando = 1;
	int carton[dim][dim];
	int bolillero[BOLASTOTAL] = {0};
	int num_carton[BOLASTOTAL] = {0};
	srand(time(NULL));
	

	//while (jugando == 1)
//	{
		bolas(bolillero);
		showcarton(carton, bolillero, 15, 15);

		jugando = 0;
		printf("prueba");
//	}



	return 0;
}

void showcarton (int carton[dim][dim], int bolillero[BOLASTOTAL], int posx, int posy)
{
	int fil;
	int col;

	for (fil = 0; fil < dim; fil++)
	{
	
		for (col = 0; col < dim; col++)
		{

			if (col == 0)
			{
				carton[col][fil] = numerar_carton(B, bolillero);	
			}
			if (col == 1)
			{
				carton[col][fil] = numerar_carton(I, bolillero);	
			}
			if (col == 2)
			{
				carton[col][fil] = numerar_carton(N, bolillero);	
			}
			if (col == 3)
			{
				carton[col][fil] = numerar_carton(G, bolillero);	
			}
			if (col == 4)
			{
				carton[col][fil] = numerar_carton(O, bolillero);	
			}
			printf("%d\t", carton[col][fil]);

		}
		printf("\n");
	}	
}




/*Recibe el arreglo del total de volas y me retorna de manera aleatoria el indice de una posicion que no ha salido antes*/

int bolas (int bolillero[BOLASTOTAL])
{
	int indice;
	do
	{
		indice =  randrange(1, BOLASTOTAL - 1);
	} while (bolillero[indice] == 1);
	bolillero[indice] = 1;
	
	return indice;  
}




int randrange(int limif,int limsp)
{
	return (rand() % (limsp - limif + 1) + limif);
}

/**/
int sacarbolas🥚🥚 (int GRUPO, int bolillero[BOLASTOTAL])
{
	int indice;
	int indice_temp;

	do
	{
		indice_temp = bolas(bolillero);
		indice = indice_temp;
		indice_temp = (((indice_temp - 1) / 15) + 1);
	} while (indice_temp != GRUPO);	

	return indice;
}

int numerar_carton (int Grupo, int num_carton[BOLASTOTAL])
{
	int indice;
	int indice_temp;
	do
	{
		indice_temp =  randrange(1, BOLASTOTAL - 1);
		indice = indice_temp;
		indice_temp = (((indice_temp - 1) / 15) + 1);
		if (indice_temp == Grupo && num_carton[indice] == 0)
		{
			num_carton[indice] = 1;
			return indice;
		}
		
	} while (num_carton[indice] == 1 || indice_temp != Grupo);
} 
------------------------------------------------------------ 
[OUTPUT DEL COMPILADOR] 
Bingo.c: In function 'main':
Bingo.c:59:13: warning: unused variable 'num_carton' [-Wunused-variable]
   59 |         int num_carton[BOLASTOTAL] = {0};
      |             ^~~~~~~~~~
Bingo.c:56:13: warning: variable 'jugando' set but not used [-Wunused-but-set-variable]
   56 |         int jugando = 1;
      |             ^~~~~~~
Bingo.c: In function 'showcarton':
Bingo.c:77:71: warning: unused parameter 'posx' [-Wunused-parameter]
   77 | void showcarton (int carton[dim][dim], int bolillero[BOLASTOTAL], int posx, int posy)
      |                                                                   ~~~~^~~~
Bingo.c:77:81: warning: unused parameter 'posy' [-Wunused-parameter]
   77 | void showcarton (int carton[dim][dim], int bolillero[BOLASTOTAL], int posx, int posy)
      |                                                                             ~~~~^~~~
Bingo.c: In function 'numerar_carton':
Bingo.c:172:1: warning: control reaches end of non-void function [-Wreturn-type]
  172 | }
      | ^
[EXIT CODE: 0] 

[EJECUCION DEL USUARIO]
8       30      39      52      71
12      24      34      59      69
11      21      41      58      65
13      16      32      47      74
9       29      37      57      66
prueba

Process returned 0 (0x0)   execution time : 1.086 s
Press any key to continue.

------------------------------------------------------------
 
============================================================ 
INTENTO: 2026-05-12T12-36-17 
ARCHIVO: C:\Users\axelb\estudio-socratico\Ejercicios\Bingo.c 
============================================================ 
[CODIGO FUENTE] 
------------------------------------------------------------ 
/* Realizar un programa interactivo en C que simule un juego de BINGO con un cartón. Este debe presentarse
gráficamente, identificando con un color diferente los recuadros de las bolas que han salido. El juego
generará el cartón de forma aleatoria. Asegúrese que una combinación no se repita para cada columna
del cartón. Tome en cuenta que cada una de las letras de Bingo corresponde a un cierto rango de
números, como se indica a continuación.
B: 1-15
I: 16-30
N: 31-45
G: 46-60
O: 61-75
El cartón tendrá cinco columnas, rotuladas B-I-N-G-O. Cada columna contendrá cinco números, dentro
de los rangos indicados arriba. La posición central de cada cartón se cubre antes de comenzar el juego
(jugada gratis). Se gana cuando se tenga una línea de números sacados (en vertical, horizontal o en
diagonal). Luego de esto se preguntará si se desea jugar a cartón lleno y en caso de ser afirmativo se debe
continuar sacando bolos. Cada vez que termine una mano se debe preguntar si se desea continuar
jugando. Se debe presentar las estadísticas de ganados vs perdidos en el momento que el usuario desee.
Una vez iniciado el juego se presenta una bola que se genera de manera aleatoria, sin repetición. El
usuario presionará [ENTER] sobre la bola en su cartón y en caso de que no esté presionará [ESC]. Si el
usuario presiona [ESC] y la bola está en el cartón se le descuenta el 10% de lo apostado. Se debe presentar
la bola generada, en un área de la pantalla conjuntamente con la información del cartón. El usuario puede
cambiar de cartón cuantas veces lo desee antes de comenzar el juego. */



#include <stdio.h>
#include <stdlib.h>
#include <conio.h>
#include <time.h>

#define dim 		5
#define ENTER     13
#define ESC       27
#define ARRIBA    72
#define ABAJO     80
#define DERECHA   77
#define IZQUIERDA 75
#define ESP       32
#define BOLASTOTAL 75
#define B 1
#define I 2
#define N 3
#define G 4
#define O 5



void showcarton (int carton[dim][dim], int bolillero[BOLASTOTAL], int posx, int posy);
int bolas (int bolillero[BOLASTOTAL]);
int sacarbolas🥚🥚(int Grupo, int bolillero[BOLASTOTAL]);
int randrange (int limif, int limsp);
int numerar_carton (int Grupo, int num_carton[BOLASTOTAL]);


int main(){

	int jugando = 1;
	int carton[dim][dim];
	int bolillero[BOLASTOTAL] = {0};
	int num_carton[BOLASTOTAL] = {0};
	srand(time(NULL));
	

	//while (jugando == 1)
//	{
		bolas(bolillero);
		showcarton(carton, bolillero, 15, 15);

		jugando = 0;
		printf("prueba");
//	}



	return 0;
}

void showcarton (int carton[dim][dim], int bolillero[BOLASTOTAL], int posx, int posy)
{
	int fil;
	int col;

	for (fil = 0; fil < dim; fil++)
	{
	
		for (col = 0; col < dim; col++)
		{

			if (col == 0)
			{
				carton[col][fil] = numerar_carton(B, bolillero);	
			}
			if (col == 1)
			{
				carton[col][fil] = numerar_carton(I, bolillero);	
			}
			if (col == 2)
			{
				carton[col][fil] = numerar_carton(N, bolillero);	
			}
			if (col == 3)
			{
				carton[col][fil] = numerar_carton(G, bolillero);	
			}
			if (col == 4)
			{
				carton[col][fil] = numerar_carton(O, bolillero);	
			}
			printf("%d\t", carton[col][fil]);

		}
		printf("\n");
	}	
}




/*Recibe el arreglo del total de volas y me retorna de manera aleatoria el indice de una posicion que no ha salido antes*/

int bolas (int bolillero[BOLASTOTAL])
{
	int indice;
	do
	{
		indice =  randrange(1, BOLASTOTAL - 1);
	} while (bolillero[indice] == 1);
	bolillero[indice] = 1;
	
	return indice;  
}




int randrange(int limif,int limsp)
{
	return (rand() % (limsp - limif + 1) + limif);
}

/**/
int sacarbolas🥚🥚 (int GRUPO, int bolillero[BOLASTOTAL])
{
	int indice;
	int indice_temp;

	do
	{
		indice_temp = bolas(bolillero);
		indice = indice_temp;
		indice_temp = (((indice_temp - 1) / 15) + 1);
	} while (indice_temp != GRUPO);	

	return indice;
}

int numerar_carton (int Grupo, int num_carton[BOLASTOTAL])
{
	int indice;
	int indice_temp;
	do
	{
		indice_temp =  randrange(1, BOLASTOTAL - 1);
		indice = indice_temp;
		indice_temp = (((indice_temp - 1) / 15) + 1);
		if (indice_temp == Grupo && num_carton[indice] == 0)
		{
			num_carton[indice] = 1;
			return indice;
		}
		
	} while (num_carton[indice] == 1 || indice_temp != Grupo);
} 
------------------------------------------------------------ 
[OUTPUT DEL COMPILADOR] 
Bingo.c: In function 'main':
Bingo.c:59:13: warning: unused variable 'num_carton' [-Wunused-variable]
   59 |         int num_carton[BOLASTOTAL] = {0};
      |             ^~~~~~~~~~
Bingo.c:56:13: warning: variable 'jugando' set but not used [-Wunused-but-set-variable]
   56 |         int jugando = 1;
      |             ^~~~~~~
Bingo.c: In function 'showcarton':
Bingo.c:77:71: warning: unused parameter 'posx' [-Wunused-parameter]
   77 | void showcarton (int carton[dim][dim], int bolillero[BOLASTOTAL], int posx, int posy)
      |                                                                   ~~~~^~~~
Bingo.c:77:81: warning: unused parameter 'posy' [-Wunused-parameter]
   77 | void showcarton (int carton[dim][dim], int bolillero[BOLASTOTAL], int posx, int posy)
      |                                                                             ~~~~^~~~
Bingo.c: In function 'numerar_carton':
Bingo.c:172:1: warning: control reaches end of non-void function [-Wreturn-type]
  172 | }
      | ^
[EXIT CODE: 0] 

[EJECUCION DEL USUARIO]
1       17      44      47      63
7       28      40      60      71
6       20      32      48      69
9       26      33      50      68
13      27      45      53      72
prueba

Process returned 0 (0x0)   execution time : 0.708 s
Press any key to continue.

------------------------------------------------------------
 
============================================================ 
INTENTO: 2026-05-12T12-36-26 
ARCHIVO: C:\Users\axelb\estudio-socratico\Ejercicios\Bingo.c 
============================================================ 
[CODIGO FUENTE] 
------------------------------------------------------------ 
/* Realizar un programa interactivo en C que simule un juego de BINGO con un cartón. Este debe presentarse
gráficamente, identificando con un color diferente los recuadros de las bolas que han salido. El juego
generará el cartón de forma aleatoria. Asegúrese que una combinación no se repita para cada columna
del cartón. Tome en cuenta que cada una de las letras de Bingo corresponde a un cierto rango de
números, como se indica a continuación.
B: 1-15
I: 16-30
N: 31-45
G: 46-60
O: 61-75
El cartón tendrá cinco columnas, rotuladas B-I-N-G-O. Cada columna contendrá cinco números, dentro
de los rangos indicados arriba. La posición central de cada cartón se cubre antes de comenzar el juego
(jugada gratis). Se gana cuando se tenga una línea de números sacados (en vertical, horizontal o en
diagonal). Luego de esto se preguntará si se desea jugar a cartón lleno y en caso de ser afirmativo se debe
continuar sacando bolos. Cada vez que termine una mano se debe preguntar si se desea continuar
jugando. Se debe presentar las estadísticas de ganados vs perdidos en el momento que el usuario desee.
Una vez iniciado el juego se presenta una bola que se genera de manera aleatoria, sin repetición. El
usuario presionará [ENTER] sobre la bola en su cartón y en caso de que no esté presionará [ESC]. Si el
usuario presiona [ESC] y la bola está en el cartón se le descuenta el 10% de lo apostado. Se debe presentar
la bola generada, en un área de la pantalla conjuntamente con la información del cartón. El usuario puede
cambiar de cartón cuantas veces lo desee antes de comenzar el juego. */



#include <stdio.h>
#include <stdlib.h>
#include <conio.h>
#include <time.h>

#define dim 		5
#define ENTER     13
#define ESC       27
#define ARRIBA    72
#define ABAJO     80
#define DERECHA   77
#define IZQUIERDA 75
#define ESP       32
#define BOLASTOTAL 75
#define B 1
#define I 2
#define N 3
#define G 4
#define O 5



void showcarton (int carton[dim][dim], int bolillero[BOLASTOTAL], int posx, int posy);
int bolas (int bolillero[BOLASTOTAL]);
int sacarbolas🥚🥚(int Grupo, int bolillero[BOLASTOTAL]);
int randrange (int limif, int limsp);
int numerar_carton (int Grupo, int num_carton[BOLASTOTAL]);


int main(){

	int jugando = 1;
	int carton[dim][dim];
	int bolillero[BOLASTOTAL] = {0};
	int num_carton[BOLASTOTAL] = {0};
	srand(time(NULL));
	

	//while (jugando == 1)
//	{
		bolas(bolillero);
		showcarton(carton, bolillero, 15, 15);

		jugando = 0;
		printf("prueba");
//	}



	return 0;
}

void showcarton (int carton[dim][dim], int bolillero[BOLASTOTAL], int posx, int posy)
{
	int fil;
	int col;

	for (fil = 0; fil < dim; fil++)
	{
	
		for (col = 0; col < dim; col++)
		{

			if (col == 0)
			{
				carton[col][fil] = numerar_carton(B, bolillero);	
			}
			if (col == 1)
			{
				carton[col][fil] = numerar_carton(I, bolillero);	
			}
			if (col == 2)
			{
				carton[col][fil] = numerar_carton(N, bolillero);	
			}
			if (col == 3)
			{
				carton[col][fil] = numerar_carton(G, bolillero);	
			}
			if (col == 4)
			{
				carton[col][fil] = numerar_carton(O, bolillero);	
			}
			printf("%d\t", carton[col][fil]);

		}
		printf("\n");
	}	
}




/*Recibe el arreglo del total de volas y me retorna de manera aleatoria el indice de una posicion que no ha salido antes*/

int bolas (int bolillero[BOLASTOTAL])
{
	int indice;
	do
	{
		indice =  randrange(1, BOLASTOTAL - 1);
	} while (bolillero[indice] == 1);
	bolillero[indice] = 1;
	
	return indice;  
}




int randrange(int limif,int limsp)
{
	return (rand() % (limsp - limif + 1) + limif);
}

/**/
int sacarbolas🥚🥚 (int GRUPO, int bolillero[BOLASTOTAL])
{
	int indice;
	int indice_temp;

	do
	{
		indice_temp = bolas(bolillero);
		indice = indice_temp;
		indice_temp = (((indice_temp - 1) / 15) + 1);
	} while (indice_temp != GRUPO);	

	return indice;
}

int numerar_carton (int Grupo, int num_carton[BOLASTOTAL])
{
	int indice;
	int indice_temp;
	do
	{
		indice_temp =  randrange(1, BOLASTOTAL - 1);
		indice = indice_temp;
		indice_temp = (((indice_temp - 1) / 15) + 1);
		if (indice_temp == Grupo && num_carton[indice] == 0)
		{
			num_carton[indice] = 1;
			return indice;
		}
		
	} while (num_carton[indice] == 1 || indice_temp != Grupo);
} 
------------------------------------------------------------ 
[OUTPUT DEL COMPILADOR] 
Bingo.c: In function 'main':
Bingo.c:59:13: warning: unused variable 'num_carton' [-Wunused-variable]
   59 |         int num_carton[BOLASTOTAL] = {0};
      |             ^~~~~~~~~~
Bingo.c:56:13: warning: variable 'jugando' set but not used [-Wunused-but-set-variable]
   56 |         int jugando = 1;
      |             ^~~~~~~
Bingo.c: In function 'showcarton':
Bingo.c:77:71: warning: unused parameter 'posx' [-Wunused-parameter]
   77 | void showcarton (int carton[dim][dim], int bolillero[BOLASTOTAL], int posx, int posy)
      |                                                                   ~~~~^~~~
Bingo.c:77:81: warning: unused parameter 'posy' [-Wunused-parameter]
   77 | void showcarton (int carton[dim][dim], int bolillero[BOLASTOTAL], int posx, int posy)
      |                                                                             ~~~~^~~~
Bingo.c: In function 'numerar_carton':
Bingo.c:172:1: warning: control reaches end of non-void function [-Wreturn-type]
  172 | }
      | ^
[EXIT CODE: 0] 

[EJECUCION DEL USUARIO]
7       17      33      51      62
8       28      38      57      73
6       18      41      46      61
11      24      36      52      65
10      20      45      49      67
prueba

Process returned 0 (0x0)   execution time : 0.844 s
Press any key to continue.

------------------------------------------------------------
 
============================================================ 
INTENTO: 2026-05-12T12-36-41 
ARCHIVO: C:\Users\axelb\estudio-socratico\Ejercicios\Bingo.c 
============================================================ 
[CODIGO FUENTE] 
------------------------------------------------------------ 
/* Realizar un programa interactivo en C que simule un juego de BINGO con un cartón. Este debe presentarse
gráficamente, identificando con un color diferente los recuadros de las bolas que han salido. El juego
generará el cartón de forma aleatoria. Asegúrese que una combinación no se repita para cada columna
del cartón. Tome en cuenta que cada una de las letras de Bingo corresponde a un cierto rango de
números, como se indica a continuación.
B: 1-15
I: 16-30
N: 31-45
G: 46-60
O: 61-75
El cartón tendrá cinco columnas, rotuladas B-I-N-G-O. Cada columna contendrá cinco números, dentro
de los rangos indicados arriba. La posición central de cada cartón se cubre antes de comenzar el juego
(jugada gratis). Se gana cuando se tenga una línea de números sacados (en vertical, horizontal o en
diagonal). Luego de esto se preguntará si se desea jugar a cartón lleno y en caso de ser afirmativo se debe
continuar sacando bolos. Cada vez que termine una mano se debe preguntar si se desea continuar
jugando. Se debe presentar las estadísticas de ganados vs perdidos en el momento que el usuario desee.
Una vez iniciado el juego se presenta una bola que se genera de manera aleatoria, sin repetición. El
usuario presionará [ENTER] sobre la bola en su cartón y en caso de que no esté presionará [ESC]. Si el
usuario presiona [ESC] y la bola está en el cartón se le descuenta el 10% de lo apostado. Se debe presentar
la bola generada, en un área de la pantalla conjuntamente con la información del cartón. El usuario puede
cambiar de cartón cuantas veces lo desee antes de comenzar el juego. */



#include <stdio.h>
#include <stdlib.h>
#include <conio.h>
#include <time.h>

#define dim 		5
#define ENTER     13
#define ESC       27
#define ARRIBA    72
#define ABAJO     80
#define DERECHA   77
#define IZQUIERDA 75
#define ESP       32
#define BOLASTOTAL 75
#define B 1
#define I 2
#define N 3
#define G 4
#define O 5



void showcarton (int carton[dim][dim], int bolillero[BOLASTOTAL], int posx, int posy);
int bolas (int bolillero[BOLASTOTAL]);
int sacarbolas🥚🥚(int Grupo, int bolillero[BOLASTOTAL]);
int randrange (int limif, int limsp);
int numerar_carton (int Grupo, int num_carton[BOLASTOTAL]);


int main(){

	int jugando = 1;
	int carton[dim][dim];
	int bolillero[BOLASTOTAL] = {0};
	int num_carton[BOLASTOTAL] = {0};
	srand(time(NULL));
	

	//while (jugando == 1)
//	{
		bolas(bolillero);
		showcarton(carton, bolillero, 15, 15);

		jugando = 0;
		printf("prueba");
//	}



	return 0;
}

void showcarton (int carton[dim][dim], int bolillero[BOLASTOTAL], int posx, int posy)
{
	int fil;
	int col;

	for (fil = 0; fil < dim; fil++)
	{
	
		for (col = 0; col < dim; col++)
		{

			if (col == 0)
			{
				carton[col][fil] = numerar_carton(B, bolillero);	
			}
			if (col == 1)
			{
				carton[col][fil] = numerar_carton(I, bolillero);	
			}
			if (col == 2)
			{
				carton[col][fil] = numerar_carton(N, bolillero);	
			}
			if (col == 3)
			{
				carton[col][fil] = numerar_carton(G, bolillero);	
			}
			if (col == 4)
			{
				carton[col][fil] = numerar_carton(O, bolillero);	
			}
			printf("%d\t", carton[col][fil]);

		}
		printf("\n");
	}	
}




/*Recibe el arreglo del total de volas y me retorna de manera aleatoria el indice de una posicion que no ha salido antes*/

int bolas (int bolillero[BOLASTOTAL])
{
	int indice;
	do
	{
		indice =  randrange(1, BOLASTOTAL - 1);
	} while (bolillero[indice] == 1);
	bolillero[indice] = 1;
	
	return indice;  
}




int randrange(int limif,int limsp)
{
	return (rand() % (limsp - limif + 1) + limif);
}

/**/
int sacarbolas🥚🥚 (int GRUPO, int bolillero[BOLASTOTAL])
{
	int indice;
	int indice_temp;

	do
	{
		indice_temp = bolas(bolillero);
		indice = indice_temp;
		indice_temp = (((indice_temp - 1) / 15) + 1);
	} while (indice_temp != GRUPO);	

	return indice;
}

int numerar_carton (int Grupo, int num_carton[BOLASTOTAL])
{
	int indice;
	int indice_temp;
	do
	{
		indice_temp =  randrange(1, BOLASTOTAL - 1);
		indice = indice_temp;
		indice_temp = (((indice_temp - 1) / 15) + 1);
		if (indice_temp == Grupo && num_carton[indice] == 0)
		{
			num_carton[indice] = 1;
			return indice;
		}
		
	} while (num_carton[indice] == 1 || indice_temp != Grupo);
} 
------------------------------------------------------------ 
[OUTPUT DEL COMPILADOR] 
Bingo.c: In function 'main':
Bingo.c:59:13: warning: unused variable 'num_carton' [-Wunused-variable]
   59 |         int num_carton[BOLASTOTAL] = {0};
      |             ^~~~~~~~~~
Bingo.c:56:13: warning: variable 'jugando' set but not used [-Wunused-but-set-variable]
   56 |         int jugando = 1;
      |             ^~~~~~~
Bingo.c: In function 'showcarton':
Bingo.c:77:71: warning: unused parameter 'posx' [-Wunused-parameter]
   77 | void showcarton (int carton[dim][dim], int bolillero[BOLASTOTAL], int posx, int posy)
      |                                                                   ~~~~^~~~
Bingo.c:77:81: warning: unused parameter 'posy' [-Wunused-parameter]
   77 | void showcarton (int carton[dim][dim], int bolillero[BOLASTOTAL], int posx, int posy)
      |                                                                             ~~~~^~~~
Bingo.c: In function 'numerar_carton':
Bingo.c:172:1: warning: control reaches end of non-void function [-Wreturn-type]
  172 | }
      | ^
[EXIT CODE: 0] 

[EJECUCION DEL USUARIO]
1       21      39      59      61
2       27      40      47      64
6       18      32      52      70
14      26      43      51      69
10      24      41      50      74
prueba

Process returned 0 (0x0)   execution time : 0.873 s
Press any key to continue.

------------------------------------------------------------
 
============================================================ 
INTENTO: 2026-05-12T12-36-52 
ARCHIVO: C:\Users\axelb\estudio-socratico\Ejercicios\Bingo.c 
============================================================ 
[CODIGO FUENTE] 
------------------------------------------------------------ 
/* Realizar un programa interactivo en C que simule un juego de BINGO con un cartón. Este debe presentarse
gráficamente, identificando con un color diferente los recuadros de las bolas que han salido. El juego
generará el cartón de forma aleatoria. Asegúrese que una combinación no se repita para cada columna
del cartón. Tome en cuenta que cada una de las letras de Bingo corresponde a un cierto rango de
números, como se indica a continuación.
B: 1-15
I: 16-30
N: 31-45
G: 46-60
O: 61-75
El cartón tendrá cinco columnas, rotuladas B-I-N-G-O. Cada columna contendrá cinco números, dentro
de los rangos indicados arriba. La posición central de cada cartón se cubre antes de comenzar el juego
(jugada gratis). Se gana cuando se tenga una línea de números sacados (en vertical, horizontal o en
diagonal). Luego de esto se preguntará si se desea jugar a cartón lleno y en caso de ser afirmativo se debe
continuar sacando bolos. Cada vez que termine una mano se debe preguntar si se desea continuar
jugando. Se debe presentar las estadísticas de ganados vs perdidos en el momento que el usuario desee.
Una vez iniciado el juego se presenta una bola que se genera de manera aleatoria, sin repetición. El
usuario presionará [ENTER] sobre la bola en su cartón y en caso de que no esté presionará [ESC]. Si el
usuario presiona [ESC] y la bola está en el cartón se le descuenta el 10% de lo apostado. Se debe presentar
la bola generada, en un área de la pantalla conjuntamente con la información del cartón. El usuario puede
cambiar de cartón cuantas veces lo desee antes de comenzar el juego. */



#include <stdio.h>
#include <stdlib.h>
#include <conio.h>
#include <time.h>

#define dim 		5
#define ENTER     13
#define ESC       27
#define ARRIBA    72
#define ABAJO     80
#define DERECHA   77
#define IZQUIERDA 75
#define ESP       32
#define BOLASTOTAL 75
#define B 1
#define I 2
#define N 3
#define G 4
#define O 5



void showcarton (int carton[dim][dim], int bolillero[BOLASTOTAL], int posx, int posy);
int bolas (int bolillero[BOLASTOTAL]);
int sacarbolas🥚🥚(int Grupo, int bolillero[BOLASTOTAL]);
int randrange (int limif, int limsp);
int numerar_carton (int Grupo, int num_carton[BOLASTOTAL]);


int main(){

	int jugando = 1;
	int carton[dim][dim];
	int bolillero[BOLASTOTAL] = {0};
	int num_carton[BOLASTOTAL] = {0};
	srand(time(NULL));
	

	//while (jugando == 1)
//	{
		bolas(bolillero);
		showcarton(carton, bolillero, 15, 15);

		jugando = 0;
		printf("prueba");
//	}



	return 0;
}

void showcarton (int carton[dim][dim], int bolillero[BOLASTOTAL], int posx, int posy)
{
	int fil;
	int col;

	for (fil = 0; fil < dim; fil++)
	{
	
		for (col = 0; col < dim; col++)
		{

			if (col == 0)
			{
				carton[col][fil] = numerar_carton(B, bolillero);	
			}
			if (col == 1)
			{
				carton[col][fil] = numerar_carton(I, bolillero);	
			}
			if (col == 2)
			{
				carton[col][fil] = numerar_carton(N, bolillero);	
			}
			if (col == 3)
			{
				carton[col][fil] = numerar_carton(G, bolillero);	
			}
			if (col == 4)
			{
				carton[col][fil] = numerar_carton(O, bolillero);	
			}
			printf("%d\t", carton[col][fil]);

		}
		printf("\n");
	}	
}




/*Recibe el arreglo del total de volas y me retorna de manera aleatoria el indice de una posicion que no ha salido antes*/

int bolas (int bolillero[BOLASTOTAL])
{
	int indice;
	do
	{
		indice =  randrange(1, BOLASTOTAL - 1);
	} while (bolillero[indice] == 1);
	bolillero[indice] = 1;
	
	return indice;  
}




int randrange(int limif,int limsp)
{
	return (rand() % (limsp - limif + 1) + limif);
}

/**/
int sacarbolas🥚🥚 (int GRUPO, int bolillero[BOLASTOTAL])
{
	int indice;
	int indice_temp;

	do
	{
		indice_temp = bolas(bolillero);
		indice = indice_temp;
		indice_temp = (((indice_temp - 1) / 15) + 1);
	} while (indice_temp != GRUPO);	

	return indice;
}

int numerar_carton (int Grupo, int num_carton[BOLASTOTAL])
{
	int indice;
	int indice_temp;
	do
	{
		indice_temp =  randrange(1, BOLASTOTAL - 1);
		indice = indice_temp;
		indice_temp = (((indice_temp - 1) / 15) + 1);
		if (indice_temp == Grupo && num_carton[indice] == 0)
		{
			num_carton[indice] = 1;
			return indice;
		}
		
	} while (num_carton[indice] == 1 || indice_temp != Grupo);
} 
------------------------------------------------------------ 
[OUTPUT DEL COMPILADOR] 
Bingo.c: In function 'main':
Bingo.c:59:13: warning: unused variable 'num_carton' [-Wunused-variable]
   59 |         int num_carton[BOLASTOTAL] = {0};
      |             ^~~~~~~~~~
Bingo.c:56:13: warning: variable 'jugando' set but not used [-Wunused-but-set-variable]
   56 |         int jugando = 1;
      |             ^~~~~~~
Bingo.c: In function 'showcarton':
Bingo.c:77:71: warning: unused parameter 'posx' [-Wunused-parameter]
   77 | void showcarton (int carton[dim][dim], int bolillero[BOLASTOTAL], int posx, int posy)
      |                                                                   ~~~~^~~~
Bingo.c:77:81: warning: unused parameter 'posy' [-Wunused-parameter]
   77 | void showcarton (int carton[dim][dim], int bolillero[BOLASTOTAL], int posx, int posy)
      |                                                                             ~~~~^~~~
Bingo.c: In function 'numerar_carton':
Bingo.c:172:1: warning: control reaches end of non-void function [-Wreturn-type]
  172 | }
      | ^
[EXIT CODE: 0] 

[EJECUCION DEL USUARIO]
2       26      40      48      69
1       20      45      55      66
4       19      35      51      62
12      30      36      54      67
9       23      37      56      61
prueba

Process returned 0 (0x0)   execution time : 0.885 s
Press any key to continue.

------------------------------------------------------------
