============================================================
Fecha: 2026-05-15 15:28:30 -04:00
Estudio.Setup 2.0
Modo: Verify
Alias: axel
Ultimo paso exitoso: start
OK msys2-toolchain.detect: MSYS2: toolchain UCRT64 detectado.
ERROR msys2-toolchain.verify: GCC: fallo la compilacion. 
Resultado: ERROR

============================================================
Fecha: 2026-05-15 15:30:46 -04:00
Estudio.Setup 2.0
Modo: Verify
Alias: axel
Ultimo paso exitoso: start
OK msys2-toolchain.detect: MSYS2: toolchain UCRT64 detectado.
ERROR msys2-toolchain.verify: GCC: fallo la compilacion. 
Resultado: ERROR

============================================================
Fecha: 2026-05-15 15:31:54 -04:00
Estudio.Setup 2.0
Modo: Verify
Alias: axel
Ultimo paso exitoso: start
OK msys2-toolchain.detect: MSYS2: toolchain UCRT64 detectado.
ERROR msys2-toolchain.verify: GCC: fallo la compilacion. 
Resultado: ERROR

============================================================
Fecha: 2026-05-15 15:32:46 -04:00
Estudio.Setup 2.0
Modo: Verify
Alias: axel
Ultimo paso exitoso: start
OK msys2-toolchain.detect: MSYS2: toolchain UCRT64 detectado.
ERROR msys2-toolchain.verify: GCC: fallo la compilacion. 
Resultado: ERROR

============================================================
Fecha: 2026-05-15 15:33:01 -04:00
Estudio.Setup 2.0
Modo: Verify
Alias: axel
Ultimo paso exitoso: verify-final
OK msys2-toolchain.detect: MSYS2: toolchain UCRT64 detectado.
OK msys2-toolchain.verify: Estudio Socratico GCC OK
Resultado: OK

